<?xml version="1.0" encoding="UTF-8"?>
<testsuite name="com.neopragma.fizzplay.FizzPlayTest" tests="8" skipped="0" failures="0" errors="0" timestamp="2023-10-31T15:27:01" hostname="Davids-MacBook-Pro.local" time="0.046">
  <properties/>
  <testcase name="[1] com.neopragma.fizzplay.BruteForceFizzBuzz@54089484" classname="com.neopragma.fizzplay.FizzPlayTest" time="0.022"/>
  <testcase name="[2] com.neopragma.fizzplay.NaiveFizzBuzz@f1266c6" classname="com.neopragma.fizzplay.FizzPlayTest" time="0.0"/>
  <testcase name="[3] com.neopragma.fizzplay.TernaryFizzBuzz@3913f206" classname="com.neopragma.fizzplay.FizzPlayTest" time="0.001"/>
  <testcase name="[4] com.neopragma.fizzplay.StreamFizzBuzz@3e8799f" classname="com.neopragma.fizzplay.FizzPlayTest" time="0.001"/>
  <testcase name="[5] com.neopragma.fizzplay.LiterateFizzBuzz@41ccb3b9" classname="com.neopragma.fizzplay.FizzPlayTest" time="0.0"/>
  <testcase name="[6] com.neopragma.fizzplay.OverlyFactoredFizzBuzz@5f59ea8c" classname="com.neopragma.fizzplay.FizzPlayTest" time="0.001"/>
  <testcase name="[7] com.neopragma.fizzplay.ConcatenatedFizzBuzz@5d5a51b1" classname="com.neopragma.fizzplay.FizzPlayTest" time="0.001"/>
  <testcase name="[8] com.neopragma.fizzplay.BrainBuzz@74834afd" classname="com.neopragma.fizzplay.FizzPlayTest" time="0.013"/>
  <system-out><![CDATA[]]></system-out>
  <system-err><![CDATA[]]></system-err>
</testsuite>
